<?xml version="1.0" encoding="UTF-8"?>
<!-- Generated by org.testng.reporters.JUnitXMLReporter -->
<testsuite ignored="0" hostname="LAPTOP-ONC93O7N" failures="0" tests="3" name="Test" time="56.706" errors="0" timestamp="2021-10-14T19:51:52 IST">
  <testcase classname="Academy.titleValidation" name="basepageNavigation" time="12.722"/>
  <testcase classname="Academy.Homepage" name="basepagenavigation" time="17.199"/>
  <testcase classname="Academy.Homepage" name="basepagenavigation" time="23.114"/>
</testsuite> <!-- Test -->
