-------------------------------------------------------------------------------
Test set: TestSuite
-------------------------------------------------------------------------------
Tests run: 3, Failures: 1, Errors: 0, Skipped: 0, Time elapsed: 72.723 s <<< FAILURE! - in TestSuite
basepageNavigation(Academy.titleValidation)  Time elapsed: 32.564 s  <<< FAILURE!
java.lang.AssertionError: expected [FEATUREDCOURSES123] but found [FEATURED COURSES]
	at Academy.titleValidation.basepageNavigation(titleValidation.java:37)

